[    0.000000] Linux version 4.15.0-144-generic (buildd@lgw01-amd64-031) (gcc version 7.5.0 (Ubuntu 7.5.0-3ubuntu1~18.04)) #148-Ubuntu SMP Sat May 8 02:33:43 UTC 2021 (Ubuntu 4.15.0-144.148-generic 4.15.18)
[    0.000000] Command line: BOOT_IMAGE=/boot/vmlinuz-4.15.0-144-generic root=LABEL=cloudimg-rootfs ro console=tty1 console=ttyS0
[    0.000000] KERNEL supported cpus:
[    0.000000]   Intel GenuineIntel
[    0.000000]   AMD AuthenticAMD
[    0.000000]   Centaur CentaurHauls
[    0.000000] x86/fpu: Supporting XSAVE feature 0x001: 'x87 floating point registers'
[    0.000000] x86/fpu: Supporting XSAVE feature 0x002: 'SSE registers'
[    0.000000] x86/fpu: Supporting XSAVE feature 0x004: 'AVX registers'
[    0.000000] x86/fpu: xstate_offset[2]:  576, xstate_sizes[2]:  256
[    0.000000] x86/fpu: Enabled xstate features 0x7, context size is 832 bytes, using 'standard' format.
[    0.000000] e820: BIOS-provided physical RAM map:
[    0.000000] BIOS-e820: [mem 0x0000000000000000-0x000000000009fbff] usable
[    0.000000] BIOS-e820: [mem 0x000000000009fc00-0x000000000009ffff] reserved
[    0.000000] BIOS-e820: [mem 0x00000000000f0000-0x00000000000fffff] reserved
[    0.000000] BIOS-e820: [mem 0x0000000000100000-0x000000003ffeffff] usable
[    0.000000] BIOS-e820: [mem 0x000000003fff0000-0x000000003fffffff] ACPI data
[    0.000000] BIOS-e820: [mem 0x00000000fec00000-0x00000000fec00fff] reserved
[    0.000000] BIOS-e820: [mem 0x00000000fee00000-0x00000000fee00fff] reserved
[    0.000000] BIOS-e820: [mem 0x00000000fffc0000-0x00000000ffffffff] reserved
[    0.000000] NX (Execute Disable) protection: active
[    0.000000] SMBIOS 2.5 present.
[    0.000000] DMI: innotek GmbH VirtualBox/VirtualBox, BIOS VirtualBox 12/01/2006
[    0.000000] Hypervisor detected: KVM
[    0.000000] e820: last_pfn = 0x3fff0 max_arch_pfn = 0x400000000
[    0.000000] MTRR: Disabled
[    0.000000] x86/PAT: MTRRs disabled, skipping PAT initialization too.
[    0.000000] CPU MTRRs all blank - virtualized system.
[    0.000000] x86/PAT: Configuration [0-7]: WB  WT  UC- UC  WB  WT  UC- UC  
[    0.000000] found SMP MP-table at [mem 0x0009fff0-0x0009ffff]
[    0.000000] Scanning 1 areas for low memory corruption
[    0.000000] RAMDISK: [mem 0x359cf000-0x36cdefff]
[    0.000000] ACPI: Early table checksum verification disabled
[    0.000000] ACPI: RSDP 0x00000000000E0000 000024 (v02 VBOX  )
[    0.000000] ACPI: XSDT 0x000000003FFF0030 00003C (v01 VBOX   VBOXXSDT 00000001 ASL  00000061)
[    0.000000] ACPI: FACP 0x000000003FFF00F0 0000F4 (v04 VBOX   VBOXFACP 00000001 ASL  00000061)
[    0.000000] ACPI: DSDT 0x000000003FFF0470 002325 (v02 VBOX   VBOXBIOS 00000002 INTL 20100528)
[    0.000000] ACPI: FACS 0x000000003FFF0200 000040
[    0.000000] ACPI: FACS 0x000000003FFF0200 000040
[    0.000000] ACPI: APIC 0x000000003FFF0240 00005C (v02 VBOX   VBOXAPIC 00000001 ASL  00000061)
[    0.000000] ACPI: SSDT 0x000000003FFF02A0 0001CC (v01 VBOX   VBOXCPUT 00000002 INTL 20100528)
[    0.000000] No NUMA configuration found
[    0.000000] Faking a node at [mem 0x0000000000000000-0x000000003ffeffff]
[    0.000000] NODE_DATA(0) allocated [mem 0x3ffc5000-0x3ffeffff]
[    0.000000] kvm-clock: cpu 0, msr 0:3ff44001, primary cpu clock
[    0.000000] kvm-clock: Using msrs 4b564d01 and 4b564d00
[    0.000000] kvm-clock: using sched offset of 3936776161 cycles
[    0.000000] clocksource: kvm-clock: mask: 0xffffffffffffffff max_cycles: 0x1cd42e4dffb, max_idle_ns: 881590591483 ns
[    0.000000] Zone ranges:
[    0.000000]   DMA      [mem 0x0000000000001000-0x0000000000ffffff]
[    0.000000]   DMA32    [mem 0x0000000001000000-0x000000003ffeffff]
[    0.000000]   Normal   empty
[    0.000000]   Device   empty
[    0.000000] Movable zone start for each node
[    0.000000] Early memory node ranges
[    0.000000]   node   0: [mem 0x0000000000001000-0x000000000009efff]
[    0.000000]   node   0: [mem 0x0000000000100000-0x000000003ffeffff]
[    0.000000] Reserved but unavailable: 98 pages
[    0.000000] Initmem setup node 0 [mem 0x0000000000001000-0x000000003ffeffff]
[    0.000000] ACPI: PM-Timer IO Port: 0x4008
[    0.000000] IOAPIC[0]: apic_id 2, version 32, address 0xfec00000, GSI 0-23
[    0.000000] ACPI: INT_SRC_OVR (bus 0 bus_irq 0 global_irq 2 dfl dfl)
[    0.000000] ACPI: INT_SRC_OVR (bus 0 bus_irq 9 global_irq 9 low level)
[    0.000000] Using ACPI (MADT) for SMP configuration information
[    0.000000] smpboot: Allowing 2 CPUs, 0 hotplug CPUs
[    0.000000] PM: Registered nosave memory: [mem 0x00000000-0x00000fff]
[    0.000000] PM: Registered nosave memory: [mem 0x0009f000-0x0009ffff]
[    0.000000] PM: Registered nosave memory: [mem 0x000a0000-0x000effff]
[    0.000000] PM: Registered nosave memory: [mem 0x000f0000-0x000fffff]
[    0.000000] e820: [mem 0x40000000-0xfebfffff] available for PCI devices
[    0.000000] Booting paravirtualized kernel on KVM
[    0.000000] clocksource: refined-jiffies: mask: 0xffffffff max_cycles: 0xffffffff, max_idle_ns: 7645519600211568 ns
[    0.000000] random: get_random_bytes called from start_kernel+0x99/0x500 with crng_init=0
[    0.000000] setup_percpu: NR_CPUS:8192 nr_cpumask_bits:2 nr_cpu_ids:2 nr_node_ids:1
[    0.000000] percpu: Embedded 45 pages/cpu s147456 r8192 d28672 u1048576
[    0.000000] PV qspinlock hash table entries: 256 (order: 0, 4096 bytes)
[    0.000000] Built 1 zonelists, mobility grouping on.  Total pages: 257913
[    0.000000] Policy zone: DMA32
[    0.000000] Kernel command line: BOOT_IMAGE=/boot/vmlinuz-4.15.0-144-generic root=LABEL=cloudimg-rootfs ro console=tty1 console=ttyS0
[    0.000000] Memory: 982716K/1048120K available (12300K kernel code, 2483K rwdata, 4316K rodata, 2448K init, 2724K bss, 65404K reserved, 0K cma-reserved)
[    0.000000] SLUB: HWalign=64, Order=0-3, MinObjects=0, CPUs=2, Nodes=1
[    0.000000] Kernel/User page tables isolation: enabled
[    0.000000] ftrace: allocating 39453 entries in 155 pages
[    0.004000] Hierarchical RCU implementation.
[    0.004000] 	RCU restricting CPUs from NR_CPUS=8192 to nr_cpu_ids=2.
[    0.004000] 	Tasks RCU enabled.
[    0.004000] RCU: Adjusting geometry for rcu_fanout_leaf=16, nr_cpu_ids=2
[    0.004000] NR_IRQS: 524544, nr_irqs: 440, preallocated irqs: 16
[    0.004000] Console: colour VGA+ 80x25
[    0.004000] console [tty1] enabled
[    0.004000] console [ttyS0] enabled
[    0.004000] ACPI: Core revision 20170831
[    0.004000] ACPI: 2 ACPI AML tables successfully acquired and loaded
[    0.004000] APIC: Switch to symmetric I/O mode setup
[    0.004000] x2apic enabled
[    0.004000] Switched APIC routing to physical x2apic.
[    0.004000] ..TIMER: vector=0x30 apic1=0 pin1=2 apic2=-1 pin2=-1
[    0.004004] tsc: Detected 3192.006 MHz processor
[    0.004931] Calibrating delay loop (skipped) preset value.. 6384.01 BogoMIPS (lpj=12768024)
[    0.005644] pid_max: default: 32768 minimum: 301
[    0.008026] Security Framework initialized
[    0.008965] Yama: becoming mindful.
[    0.009691] AppArmor: AppArmor initialized
[    0.012006] Dentry cache hash table entries: 131072 (order: 8, 1048576 bytes)
[    0.016046] Inode-cache hash table entries: 65536 (order: 7, 524288 bytes)
[    0.017392] Mount-cache hash table entries: 2048 (order: 2, 16384 bytes)
[    0.018642] Mountpoint-cache hash table entries: 2048 (order: 2, 16384 bytes)
[    0.020234] Last level iTLB entries: 4KB 64, 2MB 8, 4MB 8
[    0.021299] Last level dTLB entries: 4KB 64, 2MB 0, 4MB 0, 1GB 4
[    0.022433] Spectre V1 : Mitigation: usercopy/swapgs barriers and __user pointer sanitization
[    0.024002] Spectre V2 : Mitigation: Full generic retpoline
[    0.025344] Spectre V2 : Spectre v2 / SpectreRSB mitigation: Filling RSB on context switch
[    0.027066] Speculative Store Bypass: Vulnerable
[    0.028029] SRBDS: Unknown: Dependent on hypervisor status
[    0.029139] MDS: Mitigation: Clear CPU buffers
[    0.030212] Freeing SMP alternatives memory: 36K
[    0.142162] smpboot: CPU0: Intel(R) Core(TM) i7-8700 CPU @ 3.20GHz (family: 0x6, model: 0x9e, stepping: 0xa)
[    0.144000] Performance Events: unsupported p6 CPU model 158 no PMU driver, software events only.
[    0.144000] Hierarchical SRCU implementation.
[    0.144478] NMI watchdog: Perf event create on CPU 0 failed with -2
[    0.145706] NMI watchdog: Perf NMI watchdog permanently disabled
[    0.146994] smp: Bringing up secondary CPUs ...
[    0.148062] x86: Booting SMP configuration:
[    0.148966] .... node  #0, CPUs:      #1
[    0.004000] kvm-clock: cpu 1, msr 0:3ff44041, secondary cpu clock
[    0.152015] smp: Brought up 1 node, 2 CPUs
[    0.152855] smpboot: Max logical packages: 1
[    0.153826] smpboot: Total of 2 processors activated (12768.02 BogoMIPS)
[    0.156090] devtmpfs: initialized
[    0.156926] x86/mm: Memory block size: 128MB
[    0.157921] evm: security.selinux
[    0.158643] evm: security.SMACK64
[    0.160002] evm: security.SMACK64EXEC
[    0.160952] evm: security.SMACK64TRANSMUTE
[    0.161897] evm: security.SMACK64MMAP
[    0.162826] evm: security.apparmor
[    0.163603] evm: security.ima
[    0.164002] evm: security.capability
[    0.164809] clocksource: jiffies: mask: 0xffffffff max_cycles: 0xffffffff, max_idle_ns: 7645041785100000 ns
[    0.166006] futex hash table entries: 512 (order: 3, 32768 bytes)
[    0.168035] pinctrl core: initialized pinctrl subsystem
[    0.171056] RTC time: 14:52:32, date: 08/02/21
[    0.172151] NET: Registered protocol family 16
[    0.173185] audit: initializing netlink subsys (disabled)
[    0.174275] audit: type=2000 audit(1627915958.142:1): state=initialized audit_enabled=0 res=1
[    0.176008] cpuidle: using governor ladder
[    0.176930] cpuidle: using governor menu
[    0.177756] ACPI: bus type PCI registered
[    0.180002] acpiphp: ACPI Hot Plug PCI Controller Driver version: 0.5
[    0.181346] PCI: Using configuration type 1 for base access
[    0.182620] HugeTLB registered 2.00 MiB page size, pre-allocated 0 pages
[    0.184042] ACPI: Added _OSI(Module Device)
[    0.184972] ACPI: Added _OSI(Processor Device)
[    0.185966] ACPI: Added _OSI(3.0 _SCP Extensions)
[    0.186950] ACPI: Added _OSI(Processor Aggregator Device)
[    0.188003] ACPI: Added _OSI(Linux-Dell-Video)
[    0.189019] ACPI: Added _OSI(Linux-Lenovo-NV-HDMI-Audio)
[    0.192014] ACPI: Added _OSI(Linux-HPI-Hybrid-Graphics)
[    0.196279] ACPI: Executed 1 blocks of module-level executable AML code
[    0.201714] ACPI: Interpreter enabled
[    0.202377] ACPI: (supports S0 S5)
[    0.202999] ACPI: Using IOAPIC for interrupt routing
[    0.204104] PCI: Using host bridge windows from ACPI; if necessary, use "pci=nocrs" and report a bug
[    0.206030] ACPI: Enabled 2 GPEs in block 00 to 07
[    0.212667] ACPI: PCI Root Bridge [PCI0] (domain 0000 [bus 00-ff])
[    0.213697] acpi PNP0A03:00: _OSC: OS supports [ASPM ClockPM Segments MSI]
[    0.215387] acpi PNP0A03:00: _OSC: not requesting OS control; OS requires [ExtendedConfig ASPM ClockPM MSI]
[    0.216010] acpi PNP0A03:00: fail to add MMCONFIG information, can't access extended PCI configuration space under this bridge.
[    0.218392] PCI host bridge to bus 0000:00
[    0.219274] pci_bus 0000:00: root bus resource [io  0x0000-0x0cf7 window]
[    0.220003] pci_bus 0000:00: root bus resource [io  0x0d00-0xffff window]
[    0.221468] pci_bus 0000:00: root bus resource [mem 0x000a0000-0x000bffff window]
[    0.224003] pci_bus 0000:00: root bus resource [mem 0x40000000-0xfdffffff window]
[    0.225671] pci_bus 0000:00: root bus resource [bus 00-ff]
[    0.229933] pci 0000:00:01.1: legacy IDE quirk: reg 0x10: [io  0x01f0-0x01f7]
[    0.231339] pci 0000:00:01.1: legacy IDE quirk: reg 0x14: [io  0x03f6]
[    0.232003] pci 0000:00:01.1: legacy IDE quirk: reg 0x18: [io  0x0170-0x0177]
[    0.234501] pci 0000:00:01.1: legacy IDE quirk: reg 0x1c: [io  0x0376]
[    0.246760] pci 0000:00:07.0: quirk: [io  0x4000-0x403f] claimed by PIIX4 ACPI
[    0.248015] pci 0000:00:07.0: quirk: [io  0x4100-0x410f] claimed by PIIX4 SMB
[    0.254573] ACPI: PCI Interrupt Link [LNKA] (IRQs 5 9 10 *11)
[    0.256265] ACPI: PCI Interrupt Link [LNKB] (IRQs 5 9 *10 11)
[    0.257745] ACPI: PCI Interrupt Link [LNKC] (IRQs 5 *9 10 11)
[    0.259047] ACPI: PCI Interrupt Link [LNKD] (IRQs 5 9 10 *11)
[    0.260212] SCSI subsystem initialized
[    0.261044] pci 0000:00:02.0: vgaarb: setting as boot VGA device
[    0.261212] pci 0000:00:02.0: vgaarb: VGA device added: decodes=io+mem,owns=io+mem,locks=none
[    0.264013] pci 0000:00:02.0: vgaarb: bridge control possible
[    0.265813] vgaarb: loaded
[    0.266373] ACPI: bus type USB registered
[    0.267226] usbcore: registered new interface driver usbfs
[    0.268011] usbcore: registered new interface driver hub
[    0.269219] usbcore: registered new device driver usb
[    0.270537] EDAC MC: Ver: 3.0.0
[    0.272208] PCI: Using ACPI for IRQ routing
[    0.273016] NetLabel: Initializing
[    0.273813] NetLabel:  domain hash size = 128
[    0.274744] NetLabel:  protocols = UNLABELED CIPSOv4 CALIPSO
[    0.276015] NetLabel:  unlabeled traffic allowed by default
[    0.277154] clocksource: Switched to clocksource kvm-clock
[    0.302248] VFS: Disk quotas dquot_6.6.0
[    0.303116] VFS: Dquot-cache hash table entries: 512 (order 0, 4096 bytes)
[    0.304548] AppArmor: AppArmor Filesystem Enabled
[    0.305524] pnp: PnP ACPI init
[    0.307217] pnp: PnP ACPI: found 3 devices
[    0.316839] clocksource: acpi_pm: mask: 0xffffff max_cycles: 0xffffff, max_idle_ns: 2085701024 ns
[    0.318740] NET: Registered protocol family 2
[    0.319776] TCP established hash table entries: 8192 (order: 4, 65536 bytes)
[    0.321234] TCP bind hash table entries: 8192 (order: 5, 131072 bytes)
[    0.325847] TCP: Hash tables configured (established 8192 bind 8192)
[    0.327157] UDP hash table entries: 512 (order: 2, 16384 bytes)
[    0.328494] UDP-Lite hash table entries: 512 (order: 2, 16384 bytes)
[    0.330081] NET: Registered protocol family 1
[    0.331066] pci 0000:00:00.0: Limiting direct PCI/PCI transfers
[    0.332766] pci 0000:00:01.0: Activating ISA DMA hang workarounds
[    0.334313] pci 0000:00:02.0: Video device with shadowed ROM at [mem 0x000c0000-0x000dffff]
[    0.336229] Unpacking initramfs...
[    0.692197] Freeing initrd memory: 19520K
[    0.693193] clocksource: tsc: mask: 0xffffffffffffffff max_cycles: 0x2e02ca5091a, max_idle_ns: 440795219104 ns
[    0.695305] platform rtc_cmos: registered platform RTC device (no PNP device found)
[    0.697273] Scanning for low memory corruption every 60 seconds
[    0.699190] Initialise system trusted keyrings
[    0.700196] Key type blacklist registered
[    0.701267] workingset: timestamp_bits=36 max_order=18 bucket_order=0
[    0.703633] zbud: loaded
[    0.704682] squashfs: version 4.0 (2009/01/31) Phillip Lougher
[    0.706094] fuse init (API version 7.26)
[    0.709894] Key type asymmetric registered
[    0.710625] Asymmetric key parser 'x509' registered
[    0.711503] Block layer SCSI generic (bsg) driver version 0.4 loaded (major 246)
[    0.712965] io scheduler noop registered
[    0.713660] io scheduler deadline registered
[    0.714460] io scheduler cfq registered (default)
[    0.715715] ACPI: AC Adapter [AC] (on-line)
[    0.716642] input: Power Button as /devices/LNXSYSTM:00/LNXPWRBN:00/input/input0
[    0.718034] ACPI: Power Button [PWRF]
[    0.718946] input: Sleep Button as /devices/LNXSYSTM:00/LNXSLPBN:00/input/input1
[    0.720543] ACPI: Sleep Button [SLPF]
[    0.721754] Serial: 8250/16550 driver, 32 ports, IRQ sharing enabled
[    0.743823] 00:02: ttyS0 at I/O 0x3f8 (irq = 4, base_baud = 115200) is a 16550A
[    0.749763] Linux agpgart interface v0.103
[    0.752384] loop: module loaded
[    0.753562] scsi host0: ata_piix
[    0.754829] scsi host1: ata_piix
[    0.755665] ata1: PATA max UDMA/33 cmd 0x1f0 ctl 0x3f6 bmdma 0xd000 irq 14
[    0.757209] ata2: PATA max UDMA/33 cmd 0x170 ctl 0x376 bmdma 0xd008 irq 15
[    0.758799] libphy: Fixed MDIO Bus: probed
[    0.759618] tun: Universal TUN/TAP device driver, 1.6
[    0.760788] PPP generic driver version 2.4.2
[    0.761840] ehci_hcd: USB 2.0 'Enhanced' Host Controller (EHCI) Driver
[    0.763293] ehci-pci: EHCI PCI platform driver
[    0.764257] ehci-platform: EHCI generic platform driver
[    0.765425] ohci_hcd: USB 1.1 'Open' Host Controller (OHCI) Driver
[    0.766626] ohci-pci: OHCI PCI platform driver
[    0.767552] ohci-platform: OHCI generic platform driver
[    0.768657] uhci_hcd: USB Universal Host Controller Interface driver
[    0.769982] i8042: PNP: PS/2 Controller [PNP0303:PS2K,PNP0f03:PS2M] at 0x60,0x64 irq 1,12
[    0.772153] serio: i8042 KBD port at 0x60,0x64 irq 1
[    0.773224] serio: i8042 AUX port at 0x60,0x64 irq 12
[    0.774551] mousedev: PS/2 mouse device common for all mice
[    0.776402] rtc_cmos rtc_cmos: rtc core: registered rtc_cmos as rtc0
[    0.778014] input: AT Translated Set 2 keyboard as /devices/platform/i8042/serio0/input/input2
[    0.779899] rtc_cmos rtc_cmos: alarms up to one day, 114 bytes nvram
[    0.781348] i2c /dev entries driver
[    0.782179] device-mapper: uevent: version 1.0.3
[    0.783307] device-mapper: ioctl: 4.37.0-ioctl (2017-09-20) initialised: dm-devel@redhat.com
[    0.785205] ledtrig-cpu: registered to indicate activity on CPUs
[    0.786793] NET: Registered protocol family 10
[    0.791669] Segment Routing with IPv6
[    0.792581] NET: Registered protocol family 17
[    0.793813] Key type dns_resolver registered
[    0.795176] mce: Using 0 MCE banks
[    0.796054] RAS: Correctable Errors collector initialized.
[    0.797153] sched_clock: Marking stable (797141175, 0)->(1000542510, -203401335)
[    0.799294] registered taskstats version 1
[    0.800184] Loading compiled-in X.509 certificates
[    0.803342] Loaded X.509 cert 'Build time autogenerated kernel key: 1e5516648b223d94d04ce7d99e6048c9b3ebcb77'
[    0.805509] Loaded X.509 cert 'Canonical Ltd. Live Patch Signing: 14df34d1a87cf37625abec039ef2bf521249b969'
[    0.807600] Loaded X.509 cert 'Canonical Ltd. Kernel Module Signing: 88f752e560a1e0737e31163a466ad7b70a850c19'
[    0.809290] zswap: loaded using pool lzo/zbud
[    0.812711] Key type big_key registered
[    0.813395] Key type trusted registered
[    0.815225] Key type encrypted registered
[    0.815937] AppArmor: AppArmor sha1 policy hashing enabled
[    0.817051] ima: No TPM chip found, activating TPM-bypass! (rc=-19)
[    0.818122] ima: Allocated hash algorithm: sha1
[    0.818908] evm: HMAC attrs: 0x1
[    0.819684]   Magic number: 1:984:888
[    0.820484] rtc_cmos rtc_cmos: setting system clock to 2021-08-02 14:52:32 UTC (1627915952)
[    0.821969] BIOS EDD facility v0.16 2004-Jun-25, 0 devices found
[    0.823081] EDD information not available.
[    0.940791] Freeing unused kernel image memory: 2448K
[    1.148469] Write protecting the kernel read-only data: 20480k
[    1.149855] Freeing unused kernel image memory: 2008K
[    1.150904] Freeing unused kernel image memory: 1828K
[    1.158505] x86/mm: Checked W+X mappings: passed, no W+X pages found.
[    1.159750] x86/mm: Checking user space page tables
[    1.167339] x86/mm: Checked W+X mappings: passed, no W+X pages found.
Loading, please wait...
starting version 237
[    1.231992] e1000: Intel(R) PRO/1000 Network Driver - version 7.3.21-k8-NAPI
[    1.233340] e1000: Copyright (c) 1999-2006 Intel Corporation.
[    1.236137] Fusion MPT base driver 3.04.20
[    1.236872] Copyright (c) 1999-2008 LSI Corporation
[    1.242228] Fusion MPT SPI Host driver 3.04.20
[    1.246374] AVX2 version of gcm_enc/dec engaged.
[    1.247727] AES CTR mode by8 optimization enabled
[    1.443664] input: ImExPS/2 Generic Explorer Mouse as /devices/platform/i8042/serio1/input/input4
[    1.624759] e1000 0000:00:03.0 eth0: (PCI:33MHz:32-bit) 02:98:b0:9b:6c:78
[    1.625897] e1000 0000:00:03.0 eth0: Intel(R) PRO/1000 Network Connection
[    1.628640] e1000 0000:00:03.0 enp0s3: renamed from eth0
[    1.630315] mptbase: ioc0: Initiating bringup
[    1.750874] ioc0: LSI53C1030 A0: Capabilities={Initiator}
[    1.994776] scsi host2: ioc0: LSI53C1030 A0, FwRev=00000000h, Ports=1, MaxQ=256, IRQ=20
[    2.164857] scsi 2:0:0:0: Direct-Access     VBOX     HARDDISK         1.0  PQ: 0 ANSI: 5
[    2.196641] scsi target2:0:0: Beginning Domain Validation
[    2.200100] scsi target2:0:0: Domain Validation skipping write tests
[    2.201301] scsi target2:0:0: Ending Domain Validation
[    2.202467] scsi target2:0:0: asynchronous
[    2.204036] scsi 2:0:1:0: Direct-Access     VBOX     HARDDISK         1.0  PQ: 0 ANSI: 5
[    2.236709] scsi target2:0:1: Beginning Domain Validation
[    2.239958] random: fast init done
[    2.240968] scsi target2:0:1: Domain Validation skipping write tests
[    2.242205] scsi target2:0:1: Ending Domain Validation
[    2.243329] scsi target2:0:1: asynchronous
[    2.249380] random: systemd-udevd: uninitialized urandom read (16 bytes read)
[    2.250653] random: systemd-udevd: uninitialized urandom read (16 bytes read)
[    2.252265] random: systemd-udevd: uninitialized urandom read (16 bytes read)
[    2.253731] sd 2:0:0:0: Attached scsi generic sg0 type 0
[    2.254046] sd 2:0:0:0: [sda] 83886080 512-byte logical blocks: (42.9 GB/40.0 GiB)
[    2.256578] sd 2:0:0:0: [sda] Write Protect is off
[    2.257743] sd 2:0:0:0: [sda] Incomplete mode parameter data
[    2.257792] sd 2:0:1:0: Attached scsi generic sg1 type 0
[    2.258729] sd 2:0:0:0: [sda] Assuming drive cache: write through
[    2.260935] sd 2:0:1:0: [sdb] 20480 512-byte logical blocks: (10.5 MB/10.0 MiB)
[    2.262895]  sda: sda1
[    2.263950] sd 2:0:1:0: [sdb] Write Protect is off
[    2.264344] sd 2:0:0:0: [sda] Attached SCSI disk
[    2.266286] sd 2:0:1:0: [sdb] Incomplete mode parameter data
[    2.267413] sd 2:0:1:0: [sdb] Assuming drive cache: write through
[    2.272587] sd 2:0:1:0: [sdb] Attached SCSI disk
Begin: Loading essential drivers ... [    3.828100] raid6: sse2x1   gen() 13126 MB/s
[    3.876084] raid6: sse2x1   xor()  9549 MB/s
[    3.924099] raid6: sse2x2   gen() 16461 MB/s
[    3.972048] raid6: sse2x2   xor() 10789 MB/s
[    4.020101] raid6: sse2x4   gen() 17815 MB/s
[    4.068059] raid6: sse2x4   xor() 11270 MB/s
[    4.116103] raid6: avx2x1   gen() 26397 MB/s
[    4.164069] raid6: avx2x1   xor() 18367 MB/s
[    4.212090] raid6: avx2x2   gen() 33045 MB/s
[    4.260081] raid6: avx2x2   xor() 19910 MB/s
[    4.308102] raid6: avx2x4   gen() 36385 MB/s
[    4.356089] raid6: avx2x4   xor() 22663 MB/s
[    4.356986] raid6: using algorithm avx2x4 gen() 36385 MB/s
[    4.358055] raid6: .... xor() 22663 MB/s, rmw enabled
[    4.359063] raid6: using avx2x2 recovery algorithm
[    4.360854] xor: automatically using best checksumming function   avx       
[    4.363109] async_tx: api initialized (async)
done.
Begin: Running /scripts/init-premount ... done.
Begin: Mounting root file system ... Begin: Running /scripts/local-top ... done.
Begin: Running /scripts/local-premount ... [    4.402702] Btrfs loaded, crc32c=crc32c-intel
Scanning for Btrfs filesystems
done.
Warning: fsck not present, so skipping root file system
[    4.427313] EXT4-fs (sda1): INFO: recovery required on readonly filesystem
[    4.428553] EXT4-fs (sda1): write access will be enabled during recovery
[    4.498477] EXT4-fs (sda1): recovery complete
[    4.499445] EXT4-fs (sda1): mounted filesystem with ordered data mode. Opts: (null)
done.
Begin: Running /scripts/local-bottom ... done.
Begin: Running /scripts/init-bottom ... done.
[    4.675417] ip_tables: (C) 2000-2006 Netfilter Core Team
[    4.684086] systemd[1]: systemd 237 running in system mode. (+PAM +AUDIT +SELINUX +IMA +APPARMOR +SMACK +SYSVINIT +UTMP +LIBCRYPTSETUP +GCRYPT +GNUTLS +ACL +XZ +LZ4 +SECCOMP +BLKID +ELFUTILS +KMOD -IDN2 +IDN -PCRE2 default-hierarchy=hybrid)
[    4.689435] systemd[1]: Detected virtualization oracle.
[    4.690454] systemd[1]: Detected architecture x86-64.

Welcome to [1mUbuntu 18.04.5 LTS[0m!

[    4.695650] systemd[1]: Set hostname to <ubuntu-bionic>.
[    4.976047] systemd[1]: Created slice System Slice.
[[0;32m  OK  [0m] Created slice System Slice.
[    5.378604] systemd[1]: Listening on /dev/initctl Compatibility Named Pipe.
[[0;32m  OK  [0m] Listening on /dev/initctl Compatibility Named Pipe.
[    5.380792] systemd[1]: Listening on LVM2 poll daemon socket.
[[0;32m  OK  [0m] Listening on LVM2 poll daemon socket.
[    5.382495] systemd[1]: Listening on Syslog Socket.
[[0;32m  OK  [0m] Listening on Syslog Socket.
[    5.696833] systemd[1]: Listening on udev Control Socket.
[[0;32m  OK  [0m] Listening on udev Control Socket.
[    5.850322] systemd[1]: Created slice system-serial\x2dgetty.slice.
[[0;32m  OK  [0m] Created slice system-serial\x2dgetty.slice.
[[0;32m  OK  [0m] Listening on Journal Socket.
         Mounting Huge Pages File System...
         Starting Load Kernel Modules...
[[0;32m  OK  [0m] Listening on Journal Socket (/dev/log).
[[0;32m  OK  [0m] Listening on Network Service Netlink Socket.
[    5.899520] Loading iSCSI transport class v2.0-870.
[[0;32m  OK  [0m] Reached target System Time Synchronized.
[    5.905318] iscsi: registered transport (tcp)
[[0;32m  OK  [0m] Listening on fsck to fsckd communication Socket.
         Mounting POSIX Message Queue File System...
[    5.921595] iscsi: registered transport (iser)
[[0;32m  OK  [0m] Listening on Device-mapper event daemon FIFOs.
[[0;32m  OK  [0m] Reached target Swap.
[[0;32m  OK  [0m] Set up automount Arbitrary Executab…rmats File System Automount Point.
[[0;32m  OK  [0m] Listening on Journal Audit Socket.
         Starting Journal Service...
[[0;32m  OK  [0m] Listening on udev Kernel Socket.
         Starting udev Coldplug all Devices...
[[0;32m  OK  [0m] Listening on LVM2 metadata daemon socket.
         Starting Monitoring of LVM2 mirrors…ng dmeventd or progress polling...
         Starting Create list of required st…ce nodes for the current kernel...
[[0;32m  OK  [0m] Created slice User and Session Slice.
[[0;32m  OK  [0m] Reached target Slices.
         Starting File System Check on Root Device...
         Starting Uncomplicated firewall...
[[0;32m  OK  [0m] Reached target User and Group Name Lookups.
         Starting Set the console keyboard layout...
         Mounting Kernel Debug File System...
[[0;32m  OK  [0m] Started Forward Password Requests to Wall Directory Watch.
[[0;32m  OK  [0m] Started Journal Service.
[[0;32m  OK  [0m] Mounted Huge Pages File System.
[[0;32m  OK  [0m] Started Load Kernel Modules.
[[0;32m  OK  [0m] Mounted POSIX Message Queue File System.
[[0;32m  OK  [0m] Started Create list of required sta…vice nodes for the current kernel.
[[0;32m  OK  [0m] Started Uncomplicated firewall.
[[0;32m  OK  [0m] Mounted Kernel Debug File System.
[[0;32m  OK  [0m] Started LVM2 metadata daemon.
[[0;32m  OK  [0m] Started File System Check Daemon to report status.
         Starting Create Static Device Nodes in /dev...
         Mounting FUSE Control File System...
         Mounting Kernel Configuration File System...
         Starting Apply Kernel Variables...
[[0;32m  OK  [0m] Started File System Check on Root Device.
[[0;32m  OK  [0m] Started udev Coldplug all Devices.
[[0;32m  OK  [0m] Mounted FUSE Control File System.
[[0;32m  OK  [0m] Mounted Kernel Configuration File System.
[[0;32m  OK  [0m] Started Create Static Device Nodes in /dev.
         Starting Remount Root and Kernel File Systems...
[[0;32m  OK  [0m] Started Monitoring of LVM2 mirrors,…sing dmeventd or progress polling.
[[0;32m  OK  [0m] Started Apply Kernel Variables.
[[0;32m  OK  [0m] Started Remount Root and Kernel File Systems.
         Starting udev Kernel Device Manager...
         Starting Flush Journal to Persistent Storage...
         Starting Load/Save Random Seed...
[[0;32m  OK  [0m] Started udev Kernel Device Manager.
[[0;32m  OK  [0m] Started Load/Save Random Seed.
[[0;32m  OK  [0m] Started Set the console keyboard layout.
[[0;32m  OK  [0m] Started Dispatch Password Requests to Console Directory Watch.
[[0;32m  OK  [0m] Reached target Local Encrypted Volumes.
[[0;32m  OK  [0m] Reached target Local File Systems (Pre).
[[0;32m  OK  [0m] Reached target Local File Systems.
         Starting Set console font and keymap...
         Starting ebtables ruleset management...
         Starting AppArmor initialization...
         Starting Tell Plymouth To Write Out Runtime Data...
[[0;32m  OK  [0m] Started Flush Journal to Persistent Storage.
         Starting Create Volatile Files and Directories...
[[0;32m  OK  [0m] Started Set console font and keymap.
[[0;32m  OK  [0m] Started Tell Plymouth To Write Out Runtime Data.
[[0;32m  OK  [0m] Started Create Volatile Files and Directories.
         Starting Update UTMP about System Boot/Shutdown...
[[0;32m  OK  [0m] Started Update UTMP about System Boot/Shutdown.
[[0;32m  OK  [0m] Started ebtables ruleset management.
[[0;32m  OK  [0m] Found device /dev/ttyS0.
[[0;32m  OK  [0m] Started AppArmor initialization.
         Starting Initial cloud-init job (pre-networking)...
         Starting Load AppArmor profiles managed internally by snapd...
[[0;32m  OK  [0m] Started Load AppArmor profiles managed internally by snapd.
[[0;32m  OK  [0m] Listening on Load/Save RF Kill Switch Status /dev/rfkill Watch.
[    7.807048] cloud-init[543]: Cloud-init v. 21.1-19-gbad84ad4-0ubuntu1~18.04.2 running 'init-local' at Mon, 02 Aug 2021 14:52:39 +0000. Up 7.59 seconds.
[[0;32m  OK  [0m] Started Initial cloud-init job (pre-networking).
[[0;32m  OK  [0m] Reached target Network (Pre).
         Starting Network Service...
[[0;32m  OK  [0m] Started Network Service.
         Starting Network Name Resolution...
         Starting Wait for Network to be Configured...
[[0;32m  OK  [0m] Started Network Name Resolution.
[[0;32m  OK  [0m] Reached target Network.
[[0;32m  OK  [0m] Reached target Host and Network Name Lookups.
[[0;32m  OK  [0m] Started Wait for Network to be Configured.
         Starting Initial cloud-init job (metadata service crawler)...
[   10.095127] cloud-init[675]: Cloud-init v. 21.1-19-gbad84ad4-0ubuntu1~18.04.2 running 'init' at Mon, 02 Aug 2021 14:52:41 +0000. Up 9.90 seconds.
[   10.096119] cloud-init[675]: ci-info: ++++++++++++++++++++++++++++++++++++++Net device info++++++++++++++++++++++++++++++++++++++
[   10.097269] cloud-init[675]: ci-info: +--------+------+----------------------------+---------------+--------+-------------------+
[   10.114381] cloud-init[675]: ci-info: | Device |  Up  |          Address           |      Mask     | Scope  |     Hw-Address    |
[   10.115328] cloud-init[675]: ci-info: +--------+------+----------------------------+---------------+--------+-------------------+
[   10.116508] cloud-init[675]: ci-info: | enp0s3 | True |         10.0.2.15          | 255.255.255.0 | global | 02:98:b0:9b:6c:78 |
[   10.132769] cloud-init[675]: ci-info: | enp0s3 | True | fe80::98:b0ff:fe9b:6c78/64 |       .       |  link  | 02:98:b0:9b:6c:78 |
[   10.148322] cloud-init[675]: ci-info: |   lo   | True |         127.0.0.1          |   255.0.0.0   |  host  |         .         |
[   10.164269] cloud-init[675]: ci-info: |   lo   | True |          ::1/128           |       .       |  host  |         .         |
[   10.165203] cloud-init[675]: ci-info: +--------+------+----------------------------+---------------+--------+-------------------+
[   10.176155] cloud-init[675]: ci-info: ++++++++++++++++++++++++++++Route IPv4 info+++++++++++++++++++++++++++++
[   10.188226] cloud-init[675]: ci-info: +-------+-------------+----------+-----------------+-----------+-------+
[   10.200517] cloud-init[675]: ci-info: | Route | Destination | Gateway  |     Genmask     | Interface | Flags |
[   10.201330] cloud-init[675]: ci-info: +-------+-------------+----------+-----------------+-----------+-------+
[   10.216253] cloud-init[675]: ci-info: |   0   |   0.0.0.0   | 10.0.2.2 |     0.0.0.0     |   enp0s3  |   UG  |
[   10.217044] cloud-init[675]: ci-info: |   1   |   10.0.2.0  | 0.0.0.0  |  255.255.255.0  |   enp0s3  |   U   |
[   10.217691] cloud-init[675]: ci-info: |   2   |   10.0.2.2  | 0.0.0.0  | 255.255.255.255 |   enp0s3  |   UH  |
[   10.218396] cloud-init[675]: ci-info: +-------+-------------+----------+-----------------+-----------+-------+
[   10.219027] cloud-init[675]: ci-info: +++++++++++++++++++Route IPv6 info+++++++++++++++++++
[   10.220161] cloud-init[675]: ci-info: +-------+-------------+---------+-----------+-------+
[   10.221268] cloud-init[675]: ci-info: | Route | Destination | Gateway | Interface | Flags |
[   10.222360] cloud-init[675]: ci-info: +-------+-------------+---------+-----------+-------+
[   10.223434] cloud-init[675]: ci-info: |   1   |  fe80::/64  |    ::   |   enp0s3  |   U   |
[   10.224548] cloud-init[675]: ci-info: |   3   |    local    |    ::   |   enp0s3  |   U   |
[   10.236196] cloud-init[675]: ci-info: |   4   |   ff00::/8  |    ::   |   enp0s3  |   U   |
[   10.248242] cloud-init[675]: ci-info: +-------+-------------+---------+-----------+-------+
[[0;32m  OK  [0m] Started Initial cloud-init job (metadata service crawler).
[[0;32m  OK  [0m] Reached target System Initialization.
[[0;32m  OK  [0m] Started Discard unused blocks once a week.
         Starting Socket activation for snappy daemon.
[[0;32m  OK  [0m] Started Ubuntu Advantage update messaging.
[[0;32m  OK  [0m] Started ACPI Events Check.
[[0;32m  OK  [0m] Reached target Paths.
         Starting LXD - unix socket.
[[0;32m  OK  [0m] Started Message of the Day.
[[0;32m  OK  [0m] Listening on Open-iSCSI iscsid Socket.
[[0;32m  OK  [0m] Started Daily apt upgrade and clean activities.
[[0;32m  OK  [0m] Listening on UUID daemon activation socket.
[[0;32m  OK  [0m] Listening on ACPID Listen Socket.
[[0;32m  OK  [0m] Started Daily Cleanup of Temporary Directories.
[[0;32m  OK  [0m] Reached target Timers.
[[0;32m  OK  [0m] Listening on D-Bus System Message Bus Socket.
[[0;32m  OK  [0m] Reached target Cloud-config availability.
[[0;32m  OK  [0m] Reached target Network is Online.
         Starting Availability of block devices...
[[0;32m  OK  [0m] Reached target Remote File Systems (Pre).
         Mounting /vagrant...
[[0;32m  OK  [0m] Listening on Socket activation for snappy daemon.
[[0;32m  OK  [0m] Listening on LXD - unix socket.
[[0;32m  OK  [0m] Started Availability of block devices.
[[0;32m  OK  [0m] Mounted /vagrant.
[[0;32m  OK  [0m] Reached target Remote File Systems.
[[0;32m  OK  [0m] Reached target Sockets.
[[0;32m  OK  [0m] Reached target Basic System.
         Starting System Logging Service...
         Starting LXD - container startup/shutdown...
[[0;32m  OK  [0m] Started Deferred execution scheduler.
[[0;32m  OK  [0m] Started FUSE filesystem for LXC.
         Starting Daily apt upgrade and clean activities...
         Starting Login Service...
[[0;32m  OK  [0m] Started irqbalance daemon.
         Starting Dispatcher daemon for systemd-networkd...
         Starting Discard unused blocks...
[[0;32m  OK  [0m] Started Regular background program processing daemon.
         Starting LSB: automatic crash report generation...
         Starting Virtualbox guest utils...
         Starting Permit User Sessions...
         Starting Ubuntu Advantage APT and MOTD Messages...
         Starting Accounts Service...
         Starting LSB: Record successful boot for GRUB...
         Starting Message of the Day...
[[0;32m  OK  [0m] Started D-Bus System Message Bus.
[[0;32m  OK  [0m] Started Login Service.
[[0;32m  OK  [0m] Started Unattended Upgrades Shutdown.
         Starting OpenBSD Secure Shell server...
         Starting Snap Daemon...
[[0;32m  OK  [0m] Started System Logging Service.
[[0;32m  OK  [0m] Started LXD - container startup/shutdown.
[[0;32m  OK  [0m] Started Discard unused blocks.
[[0;32m  OK  [0m] Started Permit User Sessions.
[[0;32m  OK  [0m] Started OpenBSD Secure Shell server.
         Starting Authorization Manager...
         Starting Hold until boot process finishes up...
         Starting Terminate Plymouth Boot Screen...
[[0;32m  OK  [0m] Started Hold until boot process finishes up.
[[0;32m  OK  [0m] Started Terminate Plymouth Boot Screen.
         Starting Set console scheme...
[[0;32m  OK  [0m] Started Serial Getty on ttyS0.
[[0;32m  OK  [0m] Started LSB: automatic crash report generation.
[[0;32m  OK  [0m] Started Set console scheme.
[[0;32m  OK  [0m] Created slice system-getty.slice.
[[0;32m  OK  [0m] Started Getty on tty1.
[[0;32m  OK  [0m] Reached target Login Prompts.
[[0;32m  OK  [0m] Started Virtualbox guest utils.
[[0;32m  OK  [0m] Started Authorization Manager.
[[0;32m  OK  [0m] Started Accounts Service.
[[0;32m  OK  [0m] Started LSB: Record successful boot for GRUB.
[[0;32m  OK  [0m] Started Dispatcher daemon for systemd-networkd.
[[0;32m  OK  [0m] Created slice User Slice of vagrant.
         Starting User Manager for UID 1000...
[[0;32m  OK  [0m] Started Session 1 of user vagrant.
[[0;32m  OK  [0m] Started Ubuntu Advantage APT and MOTD Messages.
[[0;32m  OK  [0m] Started User Manager for UID 1000.
[[0;32m  OK  [0m] Started Snap Daemon.
         Starting Wait until snapd is fully seeded...
[[0;32m  OK  [0m] Started Wait until snapd is fully seeded.
         Starting Apply the settings specified in cloud-config...
[[0;32m  OK  [0m] Reached target Multi-User System.
[[0;32m  OK  [0m] Reached target Graphical Interface.
         Starting Update UTMP about System Runlevel Changes...
[[0;32m  OK  [0m] Started Update UTMP about System Runlevel Changes.
[   13.350017] cloud-init[1205]: Cloud-init v. 21.1-19-gbad84ad4-0ubuntu1~18.04.2 running 'modules:config' at Mon, 02 Aug 2021 14:52:44 +0000. Up 13.07 seconds.
[[0;32m  OK  [0m] Started Apply the settings specified in cloud-config.
         Starting Execute cloud user/final scripts...
[   14.434895] cloud-init[1307]: Cloud-init v. 21.1-19-gbad84ad4-0ubuntu1~18.04.2 running 'modules:final' at Mon, 02 Aug 2021 14:52:45 +0000. Up 14.29 seconds.
[   14.448184] cloud-init[1307]: Cloud-init v. 21.1-19-gbad84ad4-0ubuntu1~18.04.2 finished at Mon, 02 Aug 2021 14:52:46 +0000. Datasource DataSourceNoCloud [seed=/dev/sdb][dsmode=net].  Up 14.41 seconds
[[0;32m  OK  [0m] Started Execute cloud user/final scripts.
[[0;32m  OK  [0m] Reached target Cloud-init target.
[[0;32m  OK  [0m] Started Message of the Day.

Ubuntu 18.04.5 LTS ubuntu-bionic ttyS0

ubuntu-bionic login:          Stopping udev Kernel Device Manager...
[[0;32m  OK  [0m] Stopped udev Kernel Device Manager.
         Starting udev Kernel Device Manager...
[[0;32m  OK  [0m] Started udev Kernel Device Manager.
[[0;32m  OK  [0m] Stopped Wait for Network to be Configured.
         Stopping Wait for Network to be Configured...
         Stopping Network Service...
[[0;32m  OK  [0m] Stopped Network Service.
         Starting Network Service...
[[0;32m  OK  [0m] Started Network Service.
         Starting Wait for Network to be Configured...
         Stopping Network Name Resolution...
[[0;32m  OK  [0m] Stopped Network Name Resolution.
         Starting Network Name Resolution...
[[0;32m  OK  [0m] Started Wait for Network to be Configured.
[[0;32m  OK  [0m] Started Network Name Resolution.
[[0;32m  OK  [0m] Stopped Flush Journal to Persistent Storage.
         Stopping Flush Journal to Persistent Storage...
         Stopping Journal Service...
[[0;32m  OK  [0m] Stopped Journal Service.
         Starting Journal Service...
[[0;32m  OK  [0m] Started Journal Service.
         Starting Flush Journal to Persistent Storage...
[[0;32m  OK  [0m] Started Flush Journal to Persistent Storage.
[[0;32m  OK  [0m] Started Daily apt upgrade and clean activities.
